<?xml version="1.0" encoding="UTF-8"?>
<!-- Generated by org.testng.reporters.JUnitReportReporter -->
<testsuite skipped="0" hostname="DESKTOP-SI31G4B" name="testCases.testSearch" tests="2" failures="0" timestamp="2022-08-08T17:09:46 EET" time="7.617" errors="0">
  <testcase name="testGoogleSearch" time="3.770" classname="testCases.testSearch"/>
  <system-out/>
  <testcase name="openSecondPage" time="3.847" classname="testCases.testSearch"/>
  <system-out/>
</testsuite> <!-- testCases.testSearch -->
