<?xml version="1.0" encoding="UTF-8"?>
<!-- Generated by org.testng.reporters.JUnitReportReporter -->
<testsuite skipped="0" hostname="DESKTOP-SI31G4B" name="testCases.testSearch" tests="2" failures="0" timestamp="2022-08-08T17:14:23 EET" time="8.945" errors="0">
  <testcase name="testGoogleSearch" time="5.466" classname="testCases.testSearch"/>
  <system-out/>
  <testcase name="openSecondPage" time="3.479" classname="testCases.testSearch"/>
  <system-out/>
</testsuite> <!-- testCases.testSearch -->
